INFO  11:38:56 Application started. Press Ctrl+C to shut down.
INFO  11:38:56 Application started. Press Ctrl+C to shut down.
INFO  11:38:56 Hosting environment: Development
INFO  11:38:56 Hosting environment: Development
INFO  11:38:56 Content root path: C:\cognizant\Retail Banking System\Customer API\MFPE_CustomerApi
INFO  11:38:56 Content root path: C:\cognizant\Retail Banking System\Customer API\MFPE_CustomerApi
INFO  11:53:04 Customer details has been successfully recieved.
INFO  11:53:04 Customer details  has been successfully retrieved
INFO  11:53:04 Customer's Details has been successfully returned
INFO  12:03:02 Customer details has been successfully recieved.
INFO  12:03:02 Customer details  has been successfully retrieved
INFO  12:03:02 Customer's Details has been successfully returned
INFO  12:04:24 Get Api Initiated
INFO  12:04:24 Customer details is finally recieved.
INFO  12:16:38 Customer details has been successfully recieved.
INFO  12:16:38 Customer details  has been successfully retrieved
INFO  12:16:38 Customer's Details has been successfully returned
INFO  12:37:32 Application started. Press Ctrl+C to shut down.
INFO  12:37:32 Application started. Press Ctrl+C to shut down.
INFO  12:37:32 Hosting environment: Development
INFO  12:37:32 Hosting environment: Development
INFO  12:37:32 Content root path: C:\cognizant\Retail Banking System\Customer API\MFPE_CustomerApi
INFO  12:37:32 Content root path: C:\cognizant\Retail Banking System\Customer API\MFPE_CustomerApi
INFO  01:28:11 Application started. Press Ctrl+C to shut down.
INFO  01:28:11 Application started. Press Ctrl+C to shut down.
INFO  01:28:11 Hosting environment: Development
INFO  01:28:11 Hosting environment: Development
INFO  01:28:11 Content root path: C:\cognizant\Retail Banking System\Customer API\MFPE_CustomerApi
INFO  01:28:11 Content root path: C:\cognizant\Retail Banking System\Customer API\MFPE_CustomerApi
INFO  09:49:47 Application started. Press Ctrl+C to shut down.
INFO  09:49:47 Application started. Press Ctrl+C to shut down.
INFO  09:49:47 Hosting environment: Development
INFO  09:49:47 Hosting environment: Development
INFO  09:49:47 Content root path: C:\cognizant\Retail Banking System\Customer API\MFPE_CustomerApi
INFO  09:49:47 Content root path: C:\cognizant\Retail Banking System\Customer API\MFPE_CustomerApi
INFO  09:49:59 Get Api Initiated
INFO  09:49:59 Customer details is finally recieved.
INFO  10:01:06 Customer details has been successfully recieved.
INFO  10:01:06 Customer details  has been successfully retrieved
INFO  10:01:06 Customer's Details has been successfully returned
INFO  10:01:13 Get Api Initiated
INFO  10:01:13 Customer details is finally recieved.
INFO  10:02:32 Customer details has been successfully recieved.
INFO  10:02:32 Customer details  has been successfully retrieved
INFO  10:02:32 Customer's Details has been successfully returned
INFO  10:02:37 Get Api Initiated
INFO  10:02:37 Customer details is finally recieved.
INFO  07:29:08 Application started. Press Ctrl+C to shut down.
INFO  07:29:08 Application started. Press Ctrl+C to shut down.
INFO  07:29:08 Hosting environment: Development
INFO  07:29:08 Hosting environment: Development
INFO  07:29:08 Content root path: C:\cognizant\Retail Banking System\Customer API\MFPE_CustomerApi
INFO  07:29:08 Content root path: C:\cognizant\Retail Banking System\Customer API\MFPE_CustomerApi
INFO  07:29:28 Get Api Initiated
INFO  07:29:28 Customer details is finally recieved.
INFO  07:51:46 Customer details  has been successfully retrieved
INFO  07:51:46 Customer details has been successfully entered.
INFO  07:51:46 Customer Id has been successfully created
INFO  07:51:47 Customer has been successfully created
INFO  07:52:22 Customer details has been successfully recieved.
INFO  07:52:22 Customer details  has been successfully retrieved
INFO  07:52:22 Customer's Details has been successfully returned
INFO  07:52:28 Get Api Initiated
INFO  07:52:28 Customer details is finally recieved.
